mail() on [/home/hotelwis/public_html/sendemail.php:18]: To: joe@realnollytv.com -- Headers: From: <>
mail() on [/home/hotelwis/public_html/sendemail.php:18]: To: alao.joseph@ymail.com -- Headers: From: <>
mail() on [/home/hotelwis/public_html/sendemail.php:29]: To: reservations@hotelwisepennysuites.com -- Headers: Content-type: text/html
mail() on [/home/hotelwis/public_html/sendemail.php:35]: To: reservations@hotelwisepennysuites.com -- Headers: Content-type: text/html
mail() on [/home/hotelwis/public_html/sendemail.php:35]: To: reservations@hotelwisepennysuites.com -- Headers: Content-type: text/html
mail() on [/home/hotelwis/public_html/sendemail.php:35]: To: reservations@hotelwisepennysuites.com -- Headers: Content-type: text/html
mail() on [/home/hotelwis/public_html/sendemail.php:35]: To: reservations@hotelwisepennysuites.com -- Headers: Content-type: text/html
mail() on [/home/hotelwis/public_html/sendemail.php:35]: To: reservations@hotelwisepennysuites.com -- Headers: Content-type: text/html
mail() on [/home/hotelwis/public_html/sendemail.php:35]: To: reservations@hotelwisepennysuites.com -- Headers: Content-type: text/html
mail() on [/home/hotelwis/public_html/sendemail.php:35]: To: reservations@hotelwisepennysuites.com -- Headers: Content-type: text/html
mail() on [/home/hotelwis/public_html/sendemail.php:35]: To: reservations@hotelwisepennysuites.com -- Headers: Content-type: text/html
mail() on [/home/hotelwis/public_html/sendemail.php:35]: To: reservations@hotelwisepennysuites.com -- Headers: Content-type: text/html
mail() on [/home/hotelwis/public_html/sendemail.php:35]: To: reservations@hotelwisepennysuites.com -- Headers: Content-type: text/html
mail() on [/home/hotelwis/public_html/sendemail.php:37]: To: reservations@hotelwisepennysuites.com -- Headers: Content-type: text/html
mail() on [/home/hotelwis/public_html/sendemail.php:37]: To: reservations@hotelwisepennysuites.com -- Headers: Content-type: text/html
mail() on [/home/hotelwis/public_html/sendemail.php:37]: To: reservations@hotelwisepennysuites.com -- Headers: Content-type: text/html
mail() on [/home/hotelwis/public_html/sendemail.php:37]: To: reservations@hotelwisepennysuites.com -- Headers: Content-type: text/html
mail() on [/home/hotelwis/public_html/sendemail.php:37]: To: reservations@hotelwisepennysuites.com -- Headers: Content-type: text/html
mail() on [/home/hotelwis/public_html/contactprocessor.php:27]: To: reservations@hotelwisepennysuites.com -- Headers: Content-type: text/html
mail() on [/home/hotelwis/public_html/contactprocessor.php:27]: To: reservations@hotelwisepennysuites.com -- Headers: Content-type: text/html
mail() on [/home/hotelwis/public_html/contactprocessor.php:27]: To: reservations@hotelwisepennysuites.com -- Headers: Content-type: text/html
mail() on [/home/hotelwis/public_html/sendemail.php:37]: To: reservations@hotelwisepennysuites.com -- Headers: Content-type: text/html
mail() on [/home/hotelwis/public_html/sendemail.php:37]: To: reservations@hotelwisepennysuites.com -- Headers: Content-type: text/html
mail() on [/home/hotelwis/public_html/subscriptions.php:22]: To: reservations@hotelwisepennysuites.com -- Headers: Content-type: text/html
mail() on [/home/hotelwis/public_html/subscriptions.php:22]: To: reservations@hotelwisepennysuites.com -- Headers: Content-type: text/html
mail() on [/home/hotelwis/public_html/subscriptions.php:22]: To: reservations@hotelwisepennysuites.com -- Headers: Content-type: text/html
mail() on [/home/hotelwis/public_html/subscriptions.php:22]: To: reservations@hotelwisepennysuites.com -- Headers: Content-type: text/html
mail() on [/home/hotelwis/public_html/contactprocessor.php:27]: To: reservations@hotelwisepennysuites.com -- Headers: Content-type: text/html
mail() on [/home/hotelwis/public_html/contactprocessor.php:27]: To: reservations@hotelwisepennysuites.com -- Headers: Content-type: text/html
mail() on [/home/hotelwis/public_html/contactprocessor.php:27]: To: reservations@hotelwisepennysuites.com -- Headers: Content-type: text/html
mail() on [/home/hotelwis/public_html/contactprocessor.php:27]: To: reservations@hotelwisepennysuites.com -- Headers: Content-type: text/html
mail() on [/home/hotelwis/public_html/contactprocessor.php:27]: To: reservations@hotelwisepennysuites.com -- Headers: Content-type: text/html
mail() on [/home/hotelwis/public_html/subscriptions.php:22]: To: reservations@hotelwisepennysuites.com -- Headers: Content-type: text/html
mail() on [/home/hotelwis/public_html/subscriptions.php:22]: To: reservations@hotelwisepennysuites.com -- Headers: Content-type: text/html
mail() on [/home/hotelwis/public_html/contactprocessor.php:27]: To: reservations@hotelwisepennysuites.com -- Headers: Content-type: text/html
mail() on [/home/hotelwis/public_html/sendemail.php:37]: To: reservations@hotelwisepennysuites.com -- Headers: Content-type: text/html
mail() on [/home/hotelwis/public_html/subscriptions.php:22]: To: reservations@hotelwisepennysuites.com -- Headers: Content-type: text/html
mail() on [/home/hotelwis/public_html/subscriptions.php:22]: To: reservations@hotelwisepennysuites.com -- Headers: Content-type: text/html
mail() on [/home/hotelwis/public_html/subscriptions.php:22]: To: reservations@hotelwisepennysuites.com -- Headers: Content-type: text/html
mail() on [/home/hotelwis/public_html/subscriptions.php:22]: To: reservations@hotelwisepennysuites.com -- Headers: Content-type: text/html
mail() on [/home/hotelwis/public_html/subscriptions.php:22]: To: reservations@hotelwisepennysuites.com -- Headers: Content-type: text/html
mail() on [/home/hotelwis/public_html/subscriptions.php:22]: To: reservations@hotelwisepennysuites.com -- Headers: Content-type: text/html
mail() on [/home/hotelwis/public_html/subscriptions.php:22]: To: reservations@hotelwisepennysuites.com -- Headers: Content-type: text/html
mail() on [/home/hotelwis/public_html/subscriptions.php:22]: To: reservations@hotelwisepennysuites.com -- Headers: Content-type: text/html
mail() on [/home/hotelwis/public_html/subscriptions.php:22]: To: reservations@hotelwisepennysuites.com -- Headers: Content-type: text/html
mail() on [/home/hotelwis/public_html/subscriptions.php:22]: To: reservations@hotelwisepennysuites.com -- Headers: Content-type: text/html
mail() on [/home/hotelwis/public_html/sendemail.php:37]: To: reservations@hotelwisepennysuites.com -- Headers: Content-type: text/html
mail() on [/home/hotelwis/public_html/sendemail.php:37]: To: reservations@hotelwisepennysuites.com -- Headers: Content-type: text/html
mail() on [/home/hotelwis/public_html/sendemail.php:37]: To: reservations@hotelwisepennysuites.com -- Headers: Content-type: text/html
mail() on [/home/hotelwis/public_html/sendemail.php:37]: To: reservations@hotelwisepennysuites.com -- Headers: Content-type: text/html
mail() on [/home/hotelwis/public_html/sendemail.php:37]: To: reservations@hotelwisepennysuites.com -- Headers: Content-type: text/html
mail() on [/home/hotelwis/public_html/sendemail.php:37]: To: reservations@hotelwisepennysuites.com -- Headers: Content-type: text/html
mail() on [/home/hotelwis/public_html/sendemail.php:37]: To: reservations@hotelwisepennysuites.com -- Headers: Content-type: text/html
mail() on [/home/hotelwis/public_html/sendemail.php:37]: To: reservations@hotelwisepennysuites.com -- Headers: Content-type: text/html
mail() on [/home/hotelwis/public_html/sendemail.php:37]: To: reservations@hotelwisepennysuites.com -- Headers: Content-type: text/html
mail() on [/home/hotelwis/public_html/sendemail.php:37]: To: reservations@hotelwisepennysuites.com -- Headers: Content-type: text/html
mail() on [/home/hotelwis/public_html/sendemail.php:37]: To: reservations@hotelwisepennysuites.com -- Headers: Content-type: text/html
mail() on [/home/hotelwis/public_html/sendemail.php:37]: To: reservations@hotelwisepennysuites.com -- Headers: Content-type: text/html
mail() on [/home/hotelwis/public_html/subscriptions.php:22]: To: reservations@hotelwisepennysuites.com -- Headers: Content-type: text/html
mail() on [/home/hotelwis/public_html/sendemail.php:37]: To: reservations@hotelwisepennysuites.com -- Headers: Content-type: text/html
mail() on [/home/hotelwis/public_html/sendemail.php:37]: To: reservations@hotelwisepennysuites.com -- Headers: Content-type: text/html
mail() on [/home/hotelwis/public_html/subscriptions.php:22]: To: reservations@hotelwisepennysuites.com -- Headers: Content-type: text/html
mail() on [/home/hotelwis/public_html/subscriptions.php:22]: To: reservations@hotelwisepennysuites.com -- Headers: Content-type: text/html
mail() on [/home/hotelwis/public_html/sendemail.php:37]: To: reservations@hotelwisepennysuites.com -- Headers: Content-type: text/html
mail() on [/home/hotelwis/public_html/sendemail.php:37]: To: reservations@hotelwisepennysuites.com -- Headers: Content-type: text/html
mail() on [/home/hotelwis/public_html/sendemail.php:37]: To: reservations@hotelwisepennysuites.com -- Headers: Content-type: text/html
mail() on [/home/hotelwis/public_html/sendemail.php:37]: To: reservations@hotelwisepennysuites.com -- Headers: Content-type: text/html
mail() on [/home/hotelwis/public_html/sendemail.php:37]: To: reservations@hotelwisepennysuites.com -- Headers: Content-type: text/html
mail() on [/home/hotelwis/public_html/sendemail.php:37]: To: reservations@hotelwisepennysuites.com -- Headers: Content-type: text/html
mail() on [/home/hotelwis/public_html/sendemail.php:37]: To: reservations@hotelwisepennysuites.com -- Headers: Content-type: text/html
mail() on [/home/hotelwis/public_html/sendemail.php:37]: To: reservations@hotelwisepennysuites.com -- Headers: Content-type: text/html
mail() on [/home/hotelwis/public_html/sendemail.php:37]: To: reservations@hotelwisepennysuites.com -- Headers: Content-type: text/html
mail() on [/home/hotelwis/public_html/contactprocessor.php:27]: To: reservations@hotelwisepennysuites.com -- Headers: Content-type: text/html
mail() on [/home/hotelwis/public_html/sendemail.php:37]: To: reservations@hotelwisepennysuites.com -- Headers: Content-type: text/html
mail() on [/home/hotelwis/public_html/sendemail.php:37]: To: reservations@hotelwisepennysuites.com -- Headers: Content-type: text/html
mail() on [/home/hotelwis/public_html/sendemail.php:37]: To: reservations@hotelwisepennysuites.com -- Headers: Content-type: text/html
mail() on [/home/hotelwis/public_html/sendemail.php:37]: To: reservations@hotelwisepennysuites.com -- Headers: Content-type: text/html
mail() on [/home/hotelwis/public_html/sendemail.php:37]: To: reservations@hotelwisepennysuites.com -- Headers: Content-type: text/html
mail() on [/home/hotelwis/public_html/sendemail.php:37]: To: reservations@hotelwisepennysuites.com -- Headers: Content-type: text/html
mail() on [/home/hotelwis/public_html/sendemail.php:37]: To: reservations@hotelwisepennysuites.com -- Headers: Content-type: text/html
mail() on [/home/hotelwis/public_html/sendemail.php:37]: To: reservations@hotelwisepennysuites.com -- Headers: Content-type: text/html
mail() on [/home/hotelwis/public_html/sendemail.php:37]: To: reservations@hotelwisepennysuites.com -- Headers: Content-type: text/html
mail() on [/home/hotelwis/public_html/sendemail.php:37]: To: reservations@hotelwisepennysuites.com -- Headers: Content-type: text/html
mail() on [/home/hotelwis/public_html/sendemail.php:37]: To: reservations@hotelwisepennysuites.com -- Headers: Content-type: text/html
mail() on [/home/hotelwis/public_html/sendemail.php:37]: To: reservations@hotelwisepennysuites.com -- Headers: Content-type: text/html
mail() on [/home/hotelwis/public_html/sendemail.php:37]: To: reservations@hotelwisepennysuites.com -- Headers: Content-type: text/html
mail() on [/home/hotelwis/public_html/sendemail.php:37]: To: reservations@hotelwisepennysuites.com -- Headers: Content-type: text/html
mail() on [/home/hotelwis/public_html/subscriptions.php:22]: To: reservations@hotelwisepennysuites.com -- Headers: Content-type: text/html
mail() on [/home/hotelwis/public_html/contactprocessor.php:27]: To: reservations@hotelwisepennysuites.com -- Headers: Content-type: text/html
